# JRE version: OpenJDK Runtime Environment (8.0_112-b06) (build 1.8.0_112-release-b06)
# Java VM: OpenJDK 64-Bit Server VM (25.112-b06 mixed mode windows-amd64 compressed oops)
Heap:
 PSYoungGen      total 160256K, used 63980K [0x00000000eab00000, 0x00000000f9680000, 0x0000000100000000)
  eden space 139776K, 31% used [0x00000000eab00000,0x00000000ed582480,0x00000000f3380000)
  from space 20480K, 99% used [0x00000000f3380000,0x00000000f4778c90,0x00000000f4780000)
  to   space 27136K, 0% used [0x00000000f7c00000,0x00000000f7c00000,0x00000000f9680000)
 ParOldGen       total 99328K, used 40566K [0x00000000c0000000, 0x00000000c6100000, 0x00000000eab00000)
  object space 99328K, 40% used [0x00000000c0000000,0x00000000c279d978,0x00000000c6100000)
 Metaspace       used 56129K, capacity 58790K, committed 58880K, reserved 1099776K
  class space    used 7807K, capacity 8447K, committed 8448K, reserved 1048576K
GC Heap History (10 events):
Event: 35.481 GC heap before
{Heap before GC invocations=9 (full 2):
 PSYoungGen      total 96256K, used 10543K [0x00000000eab00000, 0x00000000f2f80000, 0x0000000100000000)
  eden space 85504K, 0% used [0x00000000eab00000,0x00000000eab00000,0x00000000efe80000)
  from space 10752K, 98% used [0x00000000efe80000,0x00000000f08cbe18,0x00000000f0900000)
  to   space 11776K, 0% used [0x00000000f2400000,0x00000000f2400000,0x00000000f2f80000)
 ParOldGen       total 64000K, used 12139K [0x00000000c0000000, 0x00000000c3e80000, 0x00000000eab00000)
  object space 64000K, 18% used [0x00000000c0000000,0x00000000c0bdaf80,0x00000000c3e80000)
 Metaspace       used 34450K, capacity 35258K, committed 35456K, reserved 1079296K
  class space    used 4643K, capacity 4881K, committed 4992K, reserved 1048576K
Event: 35.585 GC heap after
Heap after GC invocations=9 (full 2):
 PSYoungGen      total 96256K, used 0K [0x00000000eab00000, 0x00000000f2f80000, 0x0000000100000000)
  eden space 85504K, 0% used [0x00000000eab00000,0x00000000eab00000,0x00000000efe80000)
  from space 10752K, 0% used [0x00000000efe80000,0x00000000efe80000,0x00000000f0900000)
  to   space 11776K, 0% used [0x00000000f2400000,0x00000000f2400000,0x00000000f2f80000)
 ParOldGen       total 99328K, used 16783K [0x00000000c0000000, 0x00000000c6100000, 0x00000000eab00000)
  object space 99328K, 16% used [0x00000000c0000000,0x00000000c1063e98,0x00000000c6100000)
 Metaspace       used 34450K, capacity 35258K, committed 35456K, reserved 1079296K
  class space    used 4643K, capacity 4881K, committed 4992K, reserved 1048576K
}
Event: 37.084 GC heap before
{Heap before GC invocations=10 (full 2):
 PSYoungGen      total 96256K, used 85504K [0x00000000eab00000, 0x00000000f2f80000, 0x0000000100000000)
  eden space 85504K, 100% used [0x00000000eab00000,0x00000000efe80000,0x00000000efe80000)
  from space 10752K, 0% used [0x00000000efe80000,0x00000000efe80000,0x00000000f0900000)
  to   space 11776K, 0% used [0x00000000f2400000,0x00000000f2400000,0x00000000f2f80000)
 ParOldGen       total 99328K, used 16783K [0x00000000c0000000, 0x00000000c6100000, 0x00000000eab00000)
  object space 99328K, 16% used [0x00000000c0000000,0x00000000c1063e98,0x00000000c6100000)
 Metaspace       used 38238K, capacity 39090K, committed 39424K, reserved 1083392K
  class space    used 5123K, capacity 5333K, committed 5376K, reserved 1048576K
Event: 37.134 GC heap after
Heap after GC invocations=10 (full 2):
 PSYoungGen      total 123392K, used 8900K [0x00000000eab00000, 0x00000000f4200000, 0x0000000100000000)
  eden space 111616K, 0% used [0x00000000eab00000,0x00000000eab00000,0x00000000f1800000)
  from space 11776K, 75% used [0x00000000f2400000,0x00000000f2cb13e8,0x00000000f2f80000)
  to   space 12288K, 0% used [0x00000000f1800000,0x00000000f1800000,0x00000000f2400000)
 ParOldGen       total 99328K, used 16791K [0x00000000c0000000, 0x00000000c6100000, 0x00000000eab00000)
  object space 99328K, 16% used [0x00000000c0000000,0x00000000c1065e98,0x00000000c6100000)
 Metaspace       used 38238K, capacity 39090K, committed 39424K, reserved 1083392K
  class space    used 5123K, capacity 5333K, committed 5376K, reserved 1048576K
}
Event: 40.315 GC heap before
{Heap before GC invocations=11 (full 2):
 PSYoungGen      total 123392K, used 120516K [0x00000000eab00000, 0x00000000f4200000, 0x0000000100000000)
  eden space 111616K, 100% used [0x00000000eab00000,0x00000000f1800000,0x00000000f1800000)
  from space 11776K, 75% used [0x00000000f2400000,0x00000000f2cb13e8,0x00000000f2f80000)
  to   space 12288K, 0% used [0x00000000f1800000,0x00000000f1800000,0x00000000f2400000)
 ParOldGen       total 99328K, used 16791K [0x00000000c0000000, 0x00000000c6100000, 0x00000000eab00000)
  object space 99328K, 16% used [0x00000000c0000000,0x00000000c1065e98,0x00000000c6100000)
 Metaspace       used 46013K, capacity 47486K, committed 47616K, reserved 1089536K
  class space    used 6199K, capacity 6595K, committed 6656K, reserved 1048576K
Event: 40.342 GC heap after
Heap after GC invocations=11 (full 2):
 PSYoungGen      total 123904K, used 12271K [0x00000000eab00000, 0x00000000f5680000, 0x0000000100000000)
  eden space 111616K, 0% used [0x00000000eab00000,0x00000000eab00000,0x00000000f1800000)
  from space 12288K, 99% used [0x00000000f1800000,0x00000000f23fbff0,0x00000000f2400000)
  to   space 15360K, 0% used [0x00000000f4780000,0x00000000f4780000,0x00000000f5680000)
 ParOldGen       total 99328K, used 21407K [0x00000000c0000000, 0x00000000c6100000, 0x00000000eab00000)
  object space 99328K, 21% used [0x00000000c0000000,0x00000000c14e7ef0,0x00000000c6100000)
 Metaspace       used 46013K, capacity 47486K, committed 47616K, reserved 1089536K
  class space    used 6199K, capacity 6595K, committed 6656K, reserved 1048576K
}
Event: 42.581 GC heap before
{Heap before GC invocations=12 (full 2):
 PSYoungGen      total 123904K, used 123887K [0x00000000eab00000, 0x00000000f5680000, 0x0000000100000000)
  eden space 111616K, 100% used [0x00000000eab00000,0x00000000f1800000,0x00000000f1800000)
  from space 12288K, 99% used [0x00000000f1800000,0x00000000f23fbff0,0x00000000f2400000)
  to   space 15360K, 0% used [0x00000000f4780000,0x00000000f4780000,0x00000000f5680000)
 ParOldGen       total 99328K, used 21407K [0x00000000c0000000, 0x00000000c6100000, 0x00000000eab00000)
  object space 99328K, 21% used [0x00000000c0000000,0x00000000c14e7ef0,0x00000000c6100000)
 Metaspace       used 51331K, capacity 53196K, committed 53376K, reserved 1095680K
  class space    used 7004K, capacity 7499K, committed 7552K, reserved 1048576K
Event: 42.641 GC heap after
Heap after GC invocations=12 (full 2):
 PSYoungGen      total 155136K, used 15347K [0x00000000eab00000, 0x00000000f6400000, 0x0000000100000000)
  eden space 139776K, 0% used [0x00000000eab00000,0x00000000eab00000,0x00000000f3380000)
  from space 15360K, 99% used [0x00000000f4780000,0x00000000f567cc80,0x00000000f5680000)
  to   space 20480K, 0% used [0x00000000f3380000,0x00000000f3380000,0x00000000f4780000)
 ParOldGen       total 99328K, used 30024K [0x00000000c0000000, 0x00000000c6100000, 0x00000000eab00000)
  object space 99328K, 30% used [0x00000000c0000000,0x00000000c1d52128,0x00000000c6100000)
 Metaspace       used 51331K, capacity 53196K, committed 53376K, reserved 1095680K
  class space    used 7004K, capacity 7499K, committed 7552K, reserved 1048576K
}
Event: 46.537 GC heap before
{Heap before GC invocations=13 (full 2):
 PSYoungGen      total 155136K, used 155123K [0x00000000eab00000, 0x00000000f6400000, 0x0000000100000000)
  eden space 139776K, 100% used [0x00000000eab00000,0x00000000f3380000,0x00000000f3380000)
  from space 15360K, 99% used [0x00000000f4780000,0x00000000f567cc80,0x00000000f5680000)
  to   space 20480K, 0% used [0x00000000f3380000,0x00000000f3380000,0x00000000f4780000)
 ParOldGen       total 99328K, used 30024K [0x00000000c0000000, 0x00000000c6100000, 0x00000000eab00000)
  object space 99328K, 30% used [0x00000000c0000000,0x00000000c1d52128,0x00000000c6100000)
 Metaspace       used 54333K, capacity 56434K, committed 56704K, reserved 1097728K
  class space    used 7467K, capacity 7985K, committed 8064K, reserved 1048576K
Event: 46.620 GC heap after
Heap after GC invocations=13 (full 2):
 PSYoungGen      total 160256K, used 20451K [0x00000000eab00000, 0x00000000f9680000, 0x0000000100000000)
  eden space 139776K, 0% used [0x00000000eab00000,0x00000000eab00000,0x00000000f3380000)
  from space 20480K, 99% used [0x00000000f3380000,0x00000000f4778c90,0x00000000f4780000)
  to   space 27136K, 0% used [0x00000000f7c00000,0x00000000f7c00000,0x00000000f9680000)
 ParOldGen       total 99328K, used 40566K [0x00000000c0000000, 0x00000000c6100000, 0x00000000eab00000)
  object space 99328K, 40% used [0x00000000c0000000,0x00000000c279d978,0x00000000c6100000)
 Metaspace       used 54333K, capacity 56434K, committed 56704K, reserved 1097728K
  class space    used 7467K, capacity 7985K, committed 8064K, reserved 1048576K
}

